# JRE version: OpenJDK Runtime Environment Corretto-17.0.18.9.1 (17.0.18+9) (build 17.0.18+9-LTS)
# Java VM: OpenJDK 64-Bit Server VM Corretto-17.0.18.9.1 (17.0.18+9-LTS, mixed mode, sharing, tiered, compressed oops, compressed class ptrs, g1 gc, windows-amd64)
GC Precious Log:
 CPUs: 4 total, 4 available
 Memory: 16307M
 Large Page Support: Disabled
 NUMA Support: Disabled
 Compressed Oops: Enabled (32-bit)
 Heap Region Size: 1M
 Heap Min Capacity: 256M
 Heap Initial Capacity: 256M
 Heap Max Capacity: 512M
 Pre-touch: Disabled
 Parallel Workers: 4
 Concurrent Workers: 1
 Concurrent Refinement Workers: 4
 Periodic GC: Disabled
Heap:
 garbage-first heap   total 262144K, used 109776K [0x00000000e0000000, 0x0000000100000000)
  region size 1024K, 30 young (30720K), 9 survivors (9216K)
 Metaspace       used 61565K, committed 62400K, reserved 393216K
  class space    used 8755K, committed 9152K, reserved 327680K
GC Heap History (20 events):
Event: 35.880 GC heap before
{Heap before GC invocations=46 (full 0):
 garbage-first heap   total 262144K, used 79089K [0x00000000e0000000, 0x0000000100000000)
  region size 1024K, 17 young (17408K), 16 survivors (16384K)
 Metaspace       used 43560K, committed 44224K, reserved 393216K
  class space    used 6149K, committed 6464K, reserved 327680K
}
Event: 35.890 GC heap after
{Heap after GC invocations=47 (full 0):
 garbage-first heap   total 262144K, used 71150K [0x00000000e0000000, 0x0000000100000000)
  region size 1024K, 2 young (2048K), 2 survivors (2048K)
 Metaspace       used 43560K, committed 44224K, reserved 393216K
  class space    used 6149K, committed 6464K, reserved 327680K
}
Event: 40.094 GC heap before
{Heap before GC invocations=47 (full 0):
 garbage-first heap   total 262144K, used 219630K [0x00000000e0000000, 0x0000000100000000)
  region size 1024K, 146 young (149504K), 2 survivors (2048K)
 Metaspace       used 50918K, committed 51584K, reserved 393216K
  class space    used 7187K, committed 7488K, reserved 327680K
}
Event: 40.104 GC heap after
{Heap after GC invocations=48 (full 0):
 garbage-first heap   total 262144K, used 76644K [0x00000000e0000000, 0x0000000100000000)
  region size 1024K, 7 young (7168K), 7 survivors (7168K)
 Metaspace       used 50918K, committed 51584K, reserved 393216K
  class space    used 7187K, committed 7488K, reserved 327680K
}
Event: 44.062 GC heap before
{Heap before GC invocations=48 (full 0):
 garbage-first heap   total 262144K, used 215908K [0x00000000e0000000, 0x0000000100000000)
  region size 1024K, 144 young (147456K), 7 survivors (7168K)
 Metaspace       used 51747K, committed 52352K, reserved 393216K
  class space    used 7268K, committed 7552K, reserved 327680K
}
Event: 44.070 GC heap after
{Heap after GC invocations=49 (full 0):
 garbage-first heap   total 262144K, used 81159K [0x00000000e0000000, 0x0000000100000000)
  region size 1024K, 12 young (12288K), 12 survivors (12288K)
 Metaspace       used 51747K, committed 52352K, reserved 393216K
  class space    used 7268K, committed 7552K, reserved 327680K
}
Event: 44.520 GC heap before
{Heap before GC invocations=49 (full 0):
 garbage-first heap   total 262144K, used 220423K [0x00000000e0000000, 0x0000000100000000)
  region size 1024K, 146 young (149504K), 12 survivors (12288K)
 Metaspace       used 51931K, committed 52608K, reserved 393216K
  class space    used 7271K, committed 7552K, reserved 327680K
}
Event: 44.529 GC heap after
{Heap after GC invocations=50 (full 0):
 garbage-first heap   total 262144K, used 88326K [0x00000000e0000000, 0x0000000100000000)
  region size 1024K, 10 young (10240K), 10 survivors (10240K)
 Metaspace       used 51931K, committed 52608K, reserved 393216K
  class space    used 7271K, committed 7552K, reserved 327680K
}
Event: 44.960 GC heap before
{Heap before GC invocations=50 (full 0):
 garbage-first heap   total 262144K, used 217350K [0x00000000e0000000, 0x0000000100000000)
  region size 1024K, 137 young (140288K), 10 survivors (10240K)
 Metaspace       used 52071K, committed 52672K, reserved 393216K
  class space    used 7272K, committed 7552K, reserved 327680K
}
Event: 44.964 GC heap after
{Heap after GC invocations=51 (full 0):
 garbage-first heap   total 262144K, used 84210K [0x00000000e0000000, 0x0000000100000000)
  region size 1024K, 8 young (8192K), 8 survivors (8192K)
 Metaspace       used 52071K, committed 52672K, reserved 393216K
  class space    used 7272K, committed 7552K, reserved 327680K
}
Event: 45.340 GC heap before
{Heap before GC invocations=51 (full 0):
 garbage-first heap   total 262144K, used 219378K [0x00000000e0000000, 0x0000000100000000)
  region size 1024K, 141 young (144384K), 8 survivors (8192K)
 Metaspace       used 52137K, committed 52800K, reserved 393216K
  class space    used 7272K, committed 7552K, reserved 327680K
}
Event: 45.344 GC heap after
{Heap after GC invocations=52 (full 0):
 garbage-first heap   total 262144K, used 83672K [0x00000000e0000000, 0x0000000100000000)
  region size 1024K, 8 young (8192K), 8 survivors (8192K)
 Metaspace       used 52137K, committed 52800K, reserved 393216K
  class space    used 7272K, committed 7552K, reserved 327680K
}
Event: 45.600 GC heap before
{Heap before GC invocations=52 (full 0):
 garbage-first heap   total 262144K, used 221912K [0x00000000e0000000, 0x0000000100000000)
  region size 1024K, 143 young (146432K), 8 survivors (8192K)
 Metaspace       used 52160K, committed 52800K, reserved 393216K
  class space    used 7272K, committed 7552K, reserved 327680K
}
Event: 45.604 GC heap after
{Heap after GC invocations=53 (full 0):
 garbage-first heap   total 262144K, used 84314K [0x00000000e0000000, 0x0000000100000000)
  region size 1024K, 8 young (8192K), 8 survivors (8192K)
 Metaspace       used 52160K, committed 52800K, reserved 393216K
  class space    used 7272K, committed 7552K, reserved 327680K
}
Event: 46.099 GC heap before
{Heap before GC invocations=53 (full 0):
 garbage-first heap   total 262144K, used 224602K [0x00000000e0000000, 0x0000000100000000)
  region size 1024K, 145 young (148480K), 8 survivors (8192K)
 Metaspace       used 52308K, committed 53056K, reserved 393216K
  class space    used 7298K, committed 7680K, reserved 327680K
}
Event: 46.102 GC heap after
{Heap after GC invocations=54 (full 0):
 garbage-first heap   total 262144K, used 82639K [0x00000000e0000000, 0x0000000100000000)
  region size 1024K, 7 young (7168K), 7 survivors (7168K)
 Metaspace       used 52308K, committed 53056K, reserved 393216K
  class space    used 7298K, committed 7680K, reserved 327680K
}
Event: 49.141 GC heap before
{Heap before GC invocations=54 (full 0):
 garbage-first heap   total 262144K, used 224975K [0x00000000e0000000, 0x0000000100000000)
  region size 1024K, 146 young (149504K), 7 survivors (7168K)
 Metaspace       used 55451K, committed 56256K, reserved 393216K
  class space    used 7743K, committed 8128K, reserved 327680K
}
Event: 49.150 GC heap after
{Heap after GC invocations=55 (full 0):
 garbage-first heap   total 262144K, used 87277K [0x00000000e0000000, 0x0000000100000000)
  region size 1024K, 11 young (11264K), 11 survivors (11264K)
 Metaspace       used 55451K, committed 56256K, reserved 393216K
  class space    used 7743K, committed 8128K, reserved 327680K
}
Event: 51.080 GC heap before
{Heap before GC invocations=55 (full 0):
 garbage-first heap   total 262144K, used 147693K [0x00000000e0000000, 0x0000000100000000)
  region size 1024K, 72 young (73728K), 11 survivors (11264K)
 Metaspace       used 59967K, committed 60736K, reserved 393216K
  class space    used 8469K, committed 8832K, reserved 327680K
}
Event: 51.094 GC heap after
{Heap after GC invocations=56 (full 0):
 garbage-first heap   total 262144K, used 89296K [0x00000000e0000000, 0x0000000100000000)
  region size 1024K, 9 young (9216K), 9 survivors (9216K)
 Metaspace       used 59967K, committed 60736K, reserved 393216K
  class space    used 8469K, committed 8832K, reserved 327680K
}

